app/build/outputs/logs/manifest-merger-baidu-debug-report.txt
-- Merging decision tree log ---
manifest
ADDED from src\main\AndroidManifest.xml:2:1-420:12
	package
		ADDED from src\main\AndroidManifest.xml:4:5-33
		INJECTED from src\main\AndroidManifest.xml
		INJECTED from src\main\AndroidManifest.xml
	android:versionName
		INJECTED from src\main\AndroidManifest.xml
		INJECTED from src\main\AndroidManifest.xml
	xmlns:tools
		ADDED from src\main\AndroidManifest.xml:3:5-51
	xmlns:android
		ADDED from src\main\AndroidManifest.xml:2:11-69
	android:versionCode
		INJECTED from src\main\AndroidManifest.xml
		INJECTED from src\main\AndroidManifest.xml
permission#com.svgouwu.client.permission.JPUSH_MESSAGE
ADDED from src\main\AndroidManifest.xml:7:5-9:47
	android:protectionLevel
		ADDED from src\main\AndroidManifest.xml:9:9-44
	android:name
		ADDED from src\main\AndroidManifest.xml:8:9-67
uses-permission#com.svgouwu.client.permission.JPUSH_MESSAGE
ADDED from src\main\AndroidManifest.xml:11:5-83
	android:name
		ADDED from src\main\AndroidManifest.xml:11:22-80
uses-permission#android.permission.RECEIVE_USER_PRESENT
ADDED from src\main\AndroidManifest.xml:12:5-79
	android:name
		ADDED from src\main\AndroidManifest.xml:12:22-76
uses-permission#android.permission.WRITE_SETTINGS
ADDED from src\main\AndroidManifest.xml:13:5-73
	android:name
		ADDED from src\main\AndroidManifest.xml:13:22-70
uses-permission#android.permission.VIBRATE
ADDED from src\main\AndroidManifest.xml:14:5-66
	android:name
		ADDED from src\main\AndroidManifest.xml:14:22-63
uses-permission#android.permission.CHANGE_NETWORK_STATE
ADDED from src\main\AndroidManifest.xml:15:5-79
	android:name
		ADDED from src\main\AndroidManifest.xml:15:22-76
uses-permission#android.permission.CAMERA
ADDED from src\main\AndroidManifest.xml:17:5-65
MERGED from [trunk:imagepicker:unspecified] AndroidManifest.xml:18:5-65
	android:name
		ADDED from src\main\AndroidManifest.xml:17:22-62
uses-permission#android.permission.ACCESS_NETWORK_STATE
ADDED from src\main\AndroidManifest.xml:18:5-79
MERGED from [fm.jiecao:jiecaovideoplayer:5.5.4] AndroidManifest.xml:11:5-79
	android:name
		ADDED from src\main\AndroidManifest.xml:18:22-76
uses-permission#android.permission.ACCESS_WIFI_STATE
ADDED from src\main\AndroidManifest.xml:19:5-76
	android:name
		ADDED from src\main\AndroidManifest.xml:19:22-73
uses-permission#android.permission.READ_PHONE_STATE
ADDED from src\main\AndroidManifest.xml:20:5-75
	android:name
		ADDED from src\main\AndroidManifest.xml:20:22-72
uses-permission#android.permission.WRITE_EXTERNAL_STORAGE
ADDED from src\main\AndroidManifest.xml:21:5-81
MERGED from [trunk:okhttputils:unspecified] AndroidManifest.xml:12:5-81
MERGED from [trunk:imagepicker:unspecified] AndroidManifest.xml:14:5-81
	android:name
		ADDED from src\main\AndroidManifest.xml:21:22-78
uses-permission#android.permission.MOUNT_UNMOUNT_FILESYSTEMS
ADDED from src\main\AndroidManifest.xml:22:5-84
MERGED from [trunk:imagepicker:unspecified] AndroidManifest.xml:12:5-84
	android:name
		ADDED from src\main\AndroidManifest.xml:22:22-81
uses-permission#android.permission.READ_EXTERNAL_STORAGE
ADDED from src\main\AndroidManifest.xml:23:5-80
MERGED from [trunk:okhttputils:unspecified] AndroidManifest.xml:11:5-80
MERGED from [trunk:imagepicker:unspecified] AndroidManifest.xml:16:5-80
	android:name
		ADDED from src\main\AndroidManifest.xml:23:22-77
uses-permission#android.permission.INTERNET
ADDED from src\main\AndroidManifest.xml:24:5-67
	android:name
		ADDED from src\main\AndroidManifest.xml:24:22-64
uses-permission#android.permission.READ_LOGS
ADDED from src\main\AndroidManifest.xml:25:5-68
	android:name
		ADDED from src\main\AndroidManifest.xml:25:22-65
uses-permission#android.permission.CALL_PHONE
ADDED from src\main\AndroidManifest.xml:26:5-69
	android:name
		ADDED from src\main\AndroidManifest.xml:26:22-66
uses-permission#android.permission.ACCESS_FINE_LOCATION
ADDED from src\main\AndroidManifest.xml:27:5-79
	android:name
		ADDED from src\main\AndroidManifest.xml:27:22-76
uses-permission#android.permission.ACCESS_COARSE_LOCATION
ADDED from src\main\AndroidManifest.xml:28:5-81
	android:name
		ADDED from src\main\AndroidManifest.xml:28:22-78
uses-permission#android.permission.GET_TASKS
ADDED from src\main\AndroidManifest.xml:29:5-68
	android:name
		ADDED from src\main\AndroidManifest.xml:29:22-65
uses-permission#android.permission.SET_DEBUG_APP
ADDED from src\main\AndroidManifest.xml:30:5-72
	android:name
		ADDED from src\main\AndroidManifest.xml:30:22-69
uses-permission#android.permission.CHANGE_WIFI_STATE
ADDED from src\main\AndroidManifest.xml:31:5-76
	android:name
		ADDED from src\main\AndroidManifest.xml:31:22-73
uses-permission#android.permission.SYSTEM_ALERT_WINDOW
ADDED from src\main\AndroidManifest.xml:33:5-78
	android:name
		ADDED from src\main\AndroidManifest.xml:33:22-75
uses-permission#android.permission.GET_ACCOUNTS
ADDED from src\main\AndroidManifest.xml:34:5-71
	android:name
		ADDED from src\main\AndroidManifest.xml:34:22-68
uses-permission#android.permission.USE_CREDENTIALS
ADDED from src\main\AndroidManifest.xml:35:5-74
	android:name
		ADDED from src\main\AndroidManifest.xml:35:22-71
uses-permission#android.permission.MANAGE_ACCOUNTS
ADDED from src\main\AndroidManifest.xml:36:5-74
	android:name
		ADDED from src\main\AndroidManifest.xml:36:22-71
uses-permission#android.permission.ACCESS_LOCATION_EXTRA_COMMANDS
ADDED from src\main\AndroidManifest.xml:37:5-89
	android:name
		ADDED from src\main\AndroidManifest.xml:37:22-86
uses-permission#android.permission.WAKE_LOCK
ADDED from src\main\AndroidManifest.xml:38:5-68
	android:name
		ADDED from src\main\AndroidManifest.xml:38:22-65
application
ADDED from src\main\AndroidManifest.xml:40:5-418:19
MERGED from [in.srain.cube:ultra-ptr:1.0.11] AndroidManifest.xml:11:5-20
MERGED from [com.gxz.pagerslidingtabstrip:library:1.3] AndroidManifest.xml:11:5-15:19
MERGED from [com.jcodecraeer:xrecyclerview:1.3.2] AndroidManifest.xml:11:5-20
MERGED from [com.android.support:design:25.3.1] AndroidManifest.xml:29:5-20
MERGED from [com.android.support:transition:25.3.1] AndroidManifest.xml:26:5-20
MERGED from [com.github.lzyzsd.jsbridge:jsbridgelib:1.0.0] AndroidManifest.xml:11:5-14:19
MERGED from [trunk:okhttputils:unspecified] AndroidManifest.xml:14:5-18:19
MERGED from [trunk:imagepicker:unspecified] AndroidManifest.xml:20:5-35:19
MERGED from [com.android.support:appcompat-v7:25.3.1] AndroidManifest.xml:29:5-20
MERGED from [com.android.support:support-v4:25.3.1] AndroidManifest.xml:29:5-20
MERGED from [com.android.support:support-fragment:25.3.1] AndroidManifest.xml:29:5-20
MERGED from [com.android.support:support-media-compat:25.3.1] AndroidManifest.xml:29:5-20
MERGED from [com.android.support:support-core-ui:25.3.1] AndroidManifest.xml:29:5-20
MERGED from [com.android.support:support-core-utils:25.3.1] AndroidManifest.xml:29:5-20
MERGED from [com.android.support:animated-vector-drawable:25.3.1] AndroidManifest.xml:26:5-20
MERGED from [com.android.support:support-vector-drawable:25.3.1] AndroidManifest.xml:26:5-20
MERGED from [com.android.support:support-compat:25.3.1] AndroidManifest.xml:29:5-20
	android:supportsRtl
		ADDED from src\main\AndroidManifest.xml:44:9-35
	android:label
		ADDED from [com.gxz.pagerslidingtabstrip:library:1.3] AndroidManifest.xml:13:9-41
	android:allowBackup
		ADDED from src\main\AndroidManifest.xml:42:9-35
	android:icon
		ADDED from src\main\AndroidManifest.xml:43:9-45
	android:theme
		ADDED from src\main\AndroidManifest.xml:45:9-40
	android:name
		ADDED from src\main\AndroidManifest.xml:41:9-38
activity#com.svgouwu.client.activity.SplashActivity
ADDED from src\main\AndroidManifest.xml:50:9-68:20
	android:screenOrientation
		ADDED from src\main\AndroidManifest.xml:53:13-49
	android:launchMode
		ADDED from src\main\AndroidManifest.xml:52:13-43
	android:theme
		ADDED from src\main\AndroidManifest.xml:54:13-53
	android:name
		ADDED from src\main\AndroidManifest.xml:51:13-52
intent-filter#android.intent.action.MAIN+android.intent.category.LAUNCHER
ADDED from src\main\AndroidManifest.xml:55:13-59:29
action#android.intent.action.MAIN
ADDED from src\main\AndroidManifest.xml:56:17-69
	android:name
		ADDED from src\main\AndroidManifest.xml:56:25-66
category#android.intent.category.LAUNCHER
ADDED from src\main\AndroidManifest.xml:58:17-77
	android:name
		ADDED from src\main\AndroidManifest.xml:58:27-74
intent-filter#android.intent.action.VIEW+android.intent.category.BROWSABLE+android.intent.category.DEFAULT
ADDED from src\main\AndroidManifest.xml:60:13-66:29
data
ADDED from src\main\AndroidManifest.xml:61:17-50
	android:scheme
		ADDED from src\main\AndroidManifest.xml:61:23-47
action#android.intent.action.VIEW
ADDED from src\main\AndroidManifest.xml:62:17-69
	android:name
		ADDED from src\main\AndroidManifest.xml:62:25-66
category#android.intent.category.DEFAULT
ADDED from src\main\AndroidManifest.xml:64:17-76
	android:name
		ADDED from src\main\AndroidManifest.xml:64:27-73
category#android.intent.category.BROWSABLE
ADDED from src\main\AndroidManifest.xml:65:17-78
	android:name
		ADDED from src\main\AndroidManifest.xml:65:27-75
activity#com.umeng.socialize.media.WBShareCallBackActivity
ADDED from src\main\AndroidManifest.xml:70:9-75:75
	android:screenOrientation
		ADDED from src\main\AndroidManifest.xml:74:13-49
	android:exported
		ADDED from src\main\AndroidManifest.xml:73:13-37
	android:configChanges
		ADDED from src\main\AndroidManifest.xml:72:13-63
	android:theme
		ADDED from src\main\AndroidManifest.xml:75:13-72
	android:name
		ADDED from src\main\AndroidManifest.xml:71:13-77
activity#com.sina.weibo.sdk.share.WbShareTransActivity
ADDED from src\main\AndroidManifest.xml:76:9-84:20
	android:launchMode
		ADDED from src\main\AndroidManifest.xml:78:13-44
	android:theme
		ADDED from src\main\AndroidManifest.xml:79:13-83
	android:name
		ADDED from src\main\AndroidManifest.xml:77:13-73
intent-filter#android.intent.category.DEFAULT+com.sina.weibo.sdk.action.ACTION_SDK_REQ_ACTIVITY
ADDED from src\main\AndroidManifest.xml:80:13-83:29
action#com.sina.weibo.sdk.action.ACTION_SDK_REQ_ACTIVITY
ADDED from src\main\AndroidManifest.xml:81:17-92
	android:name
		ADDED from src\main\AndroidManifest.xml:81:25-89
activity#com.svgouwu.client.activity.MainActivity
ADDED from src\main\AndroidManifest.xml:87:9-94:70
	android:screenOrientation
		ADDED from src\main\AndroidManifest.xml:93:13-49
	android:hardwareAccelerated
		ADDED from src\main\AndroidManifest.xml:91:13-47
	android:launchMode
		ADDED from src\main\AndroidManifest.xml:92:13-44
	android:exported
		ADDED from src\main\AndroidManifest.xml:90:13-37
	android:windowSoftInputMode
		ADDED from src\main\AndroidManifest.xml:94:13-67
	android:configChanges
		ADDED from src\main\AndroidManifest.xml:89:13-85
	android:name
		ADDED from src\main\AndroidManifest.xml:88:13-50
activity#com.svgouwu.client.activity.GuideActivity
ADDED from src\main\AndroidManifest.xml:95:9-98:52
	android:screenOrientation
		ADDED from src\main\AndroidManifest.xml:98:13-49
	android:launchMode
		ADDED from src\main\AndroidManifest.xml:97:13-44
	android:name
		ADDED from src\main\AndroidManifest.xml:96:13-51
activity#com.svgouwu.client.activity.TestActivity
ADDED from src\main\AndroidManifest.xml:99:9-102:52
	android:screenOrientation
		ADDED from src\main\AndroidManifest.xml:102:13-49
	android:launchMode
		ADDED from src\main\AndroidManifest.xml:101:13-44
	android:name
		ADDED from src\main\AndroidManifest.xml:100:13-50
activity#com.svgouwu.client.activity.CartActivity
ADDED from src\main\AndroidManifest.xml:103:9-106:52
	android:screenOrientation
		ADDED from src\main\AndroidManifest.xml:106:13-49
	android:launchMode
		ADDED from src\main\AndroidManifest.xml:105:13-44
	android:name
		ADDED from src\main\AndroidManifest.xml:104:13-50
activity#com.svgouwu.client.activity.WebViewActivity
ADDED from src\main\AndroidManifest.xml:107:9-112:52
	android:screenOrientation
		ADDED from src\main\AndroidManifest.xml:112:13-49
	android:hardwareAccelerated
		ADDED from src\main\AndroidManifest.xml:110:13-47
	android:launchMode
		ADDED from src\main\AndroidManifest.xml:111:13-44
	android:configChanges
		ADDED from src\main\AndroidManifest.xml:109:13-74
	android:name
		ADDED from src\main\AndroidManifest.xml:108:13-53
activity#com.svgouwu.client.CommonFragmentActivity
ADDED from src\main\AndroidManifest.xml:113:9-115:52
	android:screenOrientation
		ADDED from src\main\AndroidManifest.xml:115:13-49
	android:name
		ADDED from src\main\AndroidManifest.xml:114:13-51
activity#com.svgouwu.client.activity.GoodsListActivity
ADDED from src\main\AndroidManifest.xml:116:9-119:52
	android:screenOrientation
		ADDED from src\main\AndroidManifest.xml:119:13-49
	android:launchMode
		ADDED from src\main\AndroidManifest.xml:118:13-44
	android:name
		ADDED from src\main\AndroidManifest.xml:117:13-55
activity#com.svgouwu.client.activity.GoodsDetailsActivity
ADDED from src\main\AndroidManifest.xml:120:9-122:52
	android:screenOrientation
		ADDED from src\main\AndroidManifest.xml:122:13-49
	android:name
		ADDED from src\main\AndroidManifest.xml:121:13-58
activity#com.svgouwu.client.activity.OrderConfirmActivity
ADDED from src\main\AndroidManifest.xml:123:9-125:52
	android:screenOrientation
		ADDED from src\main\AndroidManifest.xml:125:13-49
	android:name
		ADDED from src\main\AndroidManifest.xml:124:13-58
activity#com.svgouwu.client.activity.OrderExpressListActivity
ADDED from src\main\AndroidManifest.xml:126:9-128:52
	android:screenOrientation
		ADDED from src\main\AndroidManifest.xml:128:13-49
	android:name
		ADDED from src\main\AndroidManifest.xml:127:13-62
activity#com.svgouwu.client.activity.AddedValueInvoiceActivity
ADDED from src\main\AndroidManifest.xml:129:9-131:52
	android:screenOrientation
		ADDED from src\main\AndroidManifest.xml:131:13-49
	android:name
		ADDED from src\main\AndroidManifest.xml:130:13-63
activity#com.svgouwu.client.activity.RegionActivity
ADDED from src\main\AndroidManifest.xml:132:9-134:52
	android:screenOrientation
		ADDED from src\main\AndroidManifest.xml:134:13-49
	android:name
		ADDED from src\main\AndroidManifest.xml:133:13-52
activity#com.svgouwu.client.activity.AddressListActivity
ADDED from src\main\AndroidManifest.xml:135:9-137:52
	android:screenOrientation
		ADDED from src\main\AndroidManifest.xml:137:13-49
	android:name
		ADDED from src\main\AndroidManifest.xml:136:13-57
activity#com.svgouwu.client.activity.AddressActivity
ADDED from src\main\AndroidManifest.xml:138:9-140:52
	android:screenOrientation
		ADDED from src\main\AndroidManifest.xml:140:13-49
	android:name
		ADDED from src\main\AndroidManifest.xml:139:13-53
activity#com.svgouwu.client.activity.OrderListActivity
ADDED from src\main\AndroidManifest.xml:141:9-144:52
	android:screenOrientation
		ADDED from src\main\AndroidManifest.xml:144:13-49
	android:launchMode
		ADDED from src\main\AndroidManifest.xml:143:13-44
	android:name
		ADDED from src\main\AndroidManifest.xml:142:13-55
activity#com.bracode.ui.CaptureActivity
ADDED from src\main\AndroidManifest.xml:145:9-148:58
	android:screenOrientation
		ADDED from src\main\AndroidManifest.xml:147:13-49
	android:windowSoftInputMode
		ADDED from src\main\AndroidManifest.xml:148:13-55
	android:name
		ADDED from src\main\AndroidManifest.xml:146:13-58
activity#com.svgouwu.client.activity.VideoActivity
ADDED from src\main\AndroidManifest.xml:149:9-152:52
	android:screenOrientation
		ADDED from src\main\AndroidManifest.xml:152:13-49
	android:configChanges
		ADDED from src\main\AndroidManifest.xml:151:13-74
	android:name
		ADDED from src\main\AndroidManifest.xml:150:13-51
activity#com.svgouwu.client.activity.OrderDetailsActivity
ADDED from src\main\AndroidManifest.xml:153:9-155:52
	android:screenOrientation
		ADDED from src\main\AndroidManifest.xml:155:13-49
	android:name
		ADDED from src\main\AndroidManifest.xml:154:13-58
activity#com.svgouwu.client.activity.CouponListActivity
ADDED from src\main\AndroidManifest.xml:156:9-158:52
	android:screenOrientation
		ADDED from src\main\AndroidManifest.xml:158:13-49
	android:name
		ADDED from src\main\AndroidManifest.xml:157:13-56
activity#com.svgouwu.client.activity.CouponsCenterActivity
ADDED from src\main\AndroidManifest.xml:159:9-161:52
	android:screenOrientation
		ADDED from src\main\AndroidManifest.xml:161:13-49
	android:name
		ADDED from src\main\AndroidManifest.xml:160:13-59
activity#com.svgouwu.client.activity.WealthActivity
ADDED from src\main\AndroidManifest.xml:166:9-169:52
	android:screenOrientation
		ADDED from src\main\AndroidManifest.xml:169:13-49
	android:launchMode
		ADDED from src\main\AndroidManifest.xml:168:13-44
	android:name
		ADDED from src\main\AndroidManifest.xml:167:13-52
meta-data#com.svgouwu.client.utils.GlideConfiguration
ADDED from src\main\AndroidManifest.xml:171:9-173:43
	android:value
		ADDED from src\main\AndroidManifest.xml:173:13-40
	android:name
		ADDED from src\main\AndroidManifest.xml:172:13-71
activity#com.svgouwu.client.activity.LoginActivity
ADDED from src\main\AndroidManifest.xml:175:9-177:52
	android:screenOrientation
		ADDED from src\main\AndroidManifest.xml:177:13-49
	android:name
		ADDED from src\main\AndroidManifest.xml:176:13-51
activity#com.svgouwu.client.activity.RegisterActivity
ADDED from src\main\AndroidManifest.xml:178:9-180:52
	android:screenOrientation
		ADDED from src\main\AndroidManifest.xml:180:13-49
	android:name
		ADDED from src\main\AndroidManifest.xml:179:13-54
activity#com.svgouwu.client.activity.PayActivity
ADDED from src\main\AndroidManifest.xml:181:9-183:52
	android:screenOrientation
		ADDED from src\main\AndroidManifest.xml:183:13-49
	android:name
		ADDED from src\main\AndroidManifest.xml:182:13-49
activity#com.svgouwu.client.activity.PayCallBackActivity
ADDED from src\main\AndroidManifest.xml:184:9-186:52
	android:screenOrientation
		ADDED from src\main\AndroidManifest.xml:186:13-49
	android:name
		ADDED from src\main\AndroidManifest.xml:185:13-57
activity#com.svgouwu.client.wxapi.WXPayEntryActivity
ADDED from src\main\AndroidManifest.xml:188:9-191:46
	android:launchMode
		ADDED from src\main\AndroidManifest.xml:191:13-43
	android:exported
		ADDED from src\main\AndroidManifest.xml:190:13-36
	android:name
		ADDED from src\main\AndroidManifest.xml:189:13-53
meta-data#UMENG_APPKEY
ADDED from src\main\AndroidManifest.xml:193:9-195:56
	android:value
		ADDED from src\main\AndroidManifest.xml:195:13-53
	android:name
		ADDED from src\main\AndroidManifest.xml:194:13-40
meta-data#MW_APPID
ADDED from src\main\AndroidManifest.xml:197:9-199:64
	android:value
		ADDED from src\main\AndroidManifest.xml:199:13-61
	android:name
		ADDED from src\main\AndroidManifest.xml:198:13-36
activity#com.svgouwu.client.wxapi.WXEntryActivity
ADDED from src\main\AndroidManifest.xml:201:9-206:75
	android:screenOrientation
		ADDED from src\main\AndroidManifest.xml:205:13-49
	android:exported
		ADDED from src\main\AndroidManifest.xml:204:13-36
	android:configChanges
		ADDED from src\main\AndroidManifest.xml:203:13-74
	android:theme
		ADDED from src\main\AndroidManifest.xml:206:13-72
	android:name
		ADDED from src\main\AndroidManifest.xml:202:13-50
activity#com.umeng.qq.tencent.AuthActivity
ADDED from src\main\AndroidManifest.xml:207:9-219:20
	android:launchMode
		ADDED from src\main\AndroidManifest.xml:209:13-44
	android:noHistory
		ADDED from src\main\AndroidManifest.xml:210:13-37
	android:name
		ADDED from src\main\AndroidManifest.xml:208:13-61
activity#com.umeng.qq.tencent.AssistActivity
ADDED from src\main\AndroidManifest.xml:220:9-224:75
	android:screenOrientation
		ADDED from src\main\AndroidManifest.xml:223:13-49
	android:configChanges
		ADDED from src\main\AndroidManifest.xml:222:13-74
	android:theme
		ADDED from src\main\AndroidManifest.xml:224:13-72
	android:name
		ADDED from src\main\AndroidManifest.xml:221:13-63
activity#com.umeng.socialize.editorpage.ShareActivity
ADDED from src\main\AndroidManifest.xml:225:9-228:54
	android:excludeFromRecents
		ADDED from src\main\AndroidManifest.xml:227:13-46
	android:theme
		ADDED from src\main\AndroidManifest.xml:228:13-51
	android:name
		ADDED from src\main\AndroidManifest.xml:226:13-72
activity#com.alipay.sdk.app.H5PayActivity
ADDED from src\main\AndroidManifest.xml:230:9-235:70
	android:screenOrientation
		ADDED from src\main\AndroidManifest.xml:234:13-47
	android:exported
		ADDED from src\main\AndroidManifest.xml:233:13-37
	android:windowSoftInputMode
		ADDED from src\main\AndroidManifest.xml:235:13-67
	android:configChanges
		ADDED from src\main\AndroidManifest.xml:232:13-85
	android:name
		ADDED from src\main\AndroidManifest.xml:231:13-60
activity#com.alipay.sdk.app.H5AuthActivity
ADDED from src\main\AndroidManifest.xml:236:9-241:70
	android:screenOrientation
		ADDED from src\main\AndroidManifest.xml:240:13-47
	android:exported
		ADDED from src\main\AndroidManifest.xml:239:13-37
	android:windowSoftInputMode
		ADDED from src\main\AndroidManifest.xml:241:13-67
	android:configChanges
		ADDED from src\main\AndroidManifest.xml:238:13-74
	android:name
		ADDED from src\main\AndroidManifest.xml:237:13-61
activity#com.svgouwu.client.activity.GoodsDetailsWebView
ADDED from src\main\AndroidManifest.xml:242:9-247:70
	android:screenOrientation
		ADDED from src\main\AndroidManifest.xml:246:13-49
	android:hardwareAccelerated
		ADDED from src\main\AndroidManifest.xml:245:13-47
	android:windowSoftInputMode
		ADDED from src\main\AndroidManifest.xml:247:13-67
	android:configChanges
		ADDED from src\main\AndroidManifest.xml:244:13-85
	android:name
		ADDED from src\main\AndroidManifest.xml:243:13-57
activity#com.bracode.ui.ScanResultActivity
ADDED from src\main\AndroidManifest.xml:248:9-253:70
	android:screenOrientation
		ADDED from src\main\AndroidManifest.xml:252:13-49
	android:hardwareAccelerated
		ADDED from src\main\AndroidManifest.xml:251:13-47
	android:windowSoftInputMode
		ADDED from src\main\AndroidManifest.xml:253:13-67
	android:configChanges
		ADDED from src\main\AndroidManifest.xml:250:13-85
	android:name
		ADDED from src\main\AndroidManifest.xml:249:13-61
activity#com.svgouwu.client.activity.MyWalletActivity
ADDED from src\main\AndroidManifest.xml:254:9-259:70
	android:screenOrientation
		ADDED from src\main\AndroidManifest.xml:258:13-49
	android:hardwareAccelerated
		ADDED from src\main\AndroidManifest.xml:257:13-47
	android:windowSoftInputMode
		ADDED from src\main\AndroidManifest.xml:259:13-67
	android:configChanges
		ADDED from src\main\AndroidManifest.xml:256:13-85
	android:name
		ADDED from src\main\AndroidManifest.xml:255:13-54
activity#com.svgouwu.client.activity.MysvCoinActivity
ADDED from src\main\AndroidManifest.xml:260:9-265:70
	android:screenOrientation
		ADDED from src\main\AndroidManifest.xml:264:13-49
	android:hardwareAccelerated
		ADDED from src\main\AndroidManifest.xml:263:13-47
	android:windowSoftInputMode
		ADDED from src\main\AndroidManifest.xml:265:13-67
	android:configChanges
		ADDED from src\main\AndroidManifest.xml:262:13-85
	android:name
		ADDED from src\main\AndroidManifest.xml:261:13-54
activity#com.svgouwu.client.activity.PredepositActivity
ADDED from src\main\AndroidManifest.xml:266:9-271:70
	android:screenOrientation
		ADDED from src\main\AndroidManifest.xml:270:13-49
	android:hardwareAccelerated
		ADDED from src\main\AndroidManifest.xml:269:13-47
	android:windowSoftInputMode
		ADDED from src\main\AndroidManifest.xml:271:13-67
	android:configChanges
		ADDED from src\main\AndroidManifest.xml:268:13-85
	android:name
		ADDED from src\main\AndroidManifest.xml:267:13-56
activity#com.svgouwu.client.activity.ApplyCashActivity
ADDED from src\main\AndroidManifest.xml:272:9-277:70
	android:screenOrientation
		ADDED from src\main\AndroidManifest.xml:276:13-49
	android:hardwareAccelerated
		ADDED from src\main\AndroidManifest.xml:275:13-47
	android:windowSoftInputMode
		ADDED from src\main\AndroidManifest.xml:277:13-67
	android:configChanges
		ADDED from src\main\AndroidManifest.xml:274:13-85
	android:name
		ADDED from src\main\AndroidManifest.xml:273:13-55
meta-data#UMENG_CHANNEL
ADDED from src\main\AndroidManifest.xml:282:9-284:50
	android:value
		ADDED from src\main\AndroidManifest.xml:284:13-47
		INJECTED from src\main\AndroidManifest.xml
	android:name
		ADDED from src\main\AndroidManifest.xml:283:13-41
activity#com.svgouwu.client.jpush.PushSetActivity
ADDED from src\main\AndroidManifest.xml:295:9-297:57
	android:label
		ADDED from src\main\AndroidManifest.xml:297:13-45
	android:name
		ADDED from src\main\AndroidManifest.xml:296:13-68
activity#com.svgouwu.client.jpush.SettingActivity
ADDED from src\main\AndroidManifest.xml:299:9-301:57
	android:label
		ADDED from src\main\AndroidManifest.xml:301:13-45
	android:name
		ADDED from src\main\AndroidManifest.xml:300:13-68
activity#cn.jpush.android.ui.PopWinActivity
ADDED from src\main\AndroidManifest.xml:303:9-306:61
	android:exported
		ADDED from src\main\AndroidManifest.xml:305:13-37
	android:theme
		ADDED from src\main\AndroidManifest.xml:306:13-49
	android:name
		ADDED from src\main\AndroidManifest.xml:304:13-62
activity#cn.jpush.android.ui.PushActivity
ADDED from src\main\AndroidManifest.xml:308:9-319:20
	android:exported
		ADDED from src\main\AndroidManifest.xml:311:13-37
	android:configChanges
		ADDED from src\main\AndroidManifest.xml:310:13-63
	android:theme
		ADDED from src\main\AndroidManifest.xml:312:13-60
	android:name
		ADDED from src\main\AndroidManifest.xml:309:13-60
intent-filter#android.intent.category.DEFAULT+cn.jpush.android.ui.PushActivity+com.svgouwu.client
ADDED from src\main\AndroidManifest.xml:313:13-318:29
action#cn.jpush.android.ui.PushActivity
ADDED from src\main\AndroidManifest.xml:314:17-75
	android:name
		ADDED from src\main\AndroidManifest.xml:314:25-72
category#com.svgouwu.client
ADDED from src\main\AndroidManifest.xml:317:17-63
	android:name
		ADDED from src\main\AndroidManifest.xml:317:27-60
service#cn.jpush.android.service.PushService
ADDED from src\main\AndroidManifest.xml:321:9-331:19
	android:process
		ADDED from src\main\AndroidManifest.xml:324:13-36
	android:exported
		ADDED from src\main\AndroidManifest.xml:323:13-37
	android:name
		ADDED from src\main\AndroidManifest.xml:322:13-64
intent-filter#cn.jpush.android.intent.PUSH_TIME+cn.jpush.android.intent.PushService+cn.jpush.android.intent.REGISTER+cn.jpush.android.intent.REPORT
ADDED from src\main\AndroidManifest.xml:325:13-330:29
action#cn.jpush.android.intent.REGISTER
ADDED from src\main\AndroidManifest.xml:326:17-75
	android:name
		ADDED from src\main\AndroidManifest.xml:326:25-72
action#cn.jpush.android.intent.REPORT
ADDED from src\main\AndroidManifest.xml:327:17-73
	android:name
		ADDED from src\main\AndroidManifest.xml:327:25-70
action#cn.jpush.android.intent.PushService
ADDED from src\main\AndroidManifest.xml:328:17-78
	android:name
		ADDED from src\main\AndroidManifest.xml:328:25-75
action#cn.jpush.android.intent.PUSH_TIME
ADDED from src\main\AndroidManifest.xml:329:17-76
	android:name
		ADDED from src\main\AndroidManifest.xml:329:25-73
provider#cn.jpush.android.service.DataProvider
ADDED from src\main\AndroidManifest.xml:332:9-335:39
	android:authorities
		ADDED from src\main\AndroidManifest.xml:334:13-66
	android:exported
		ADDED from src\main\AndroidManifest.xml:335:13-36
	android:name
		ADDED from src\main\AndroidManifest.xml:333:13-65
service#cn.jpush.android.service.DaemonService
ADDED from src\main\AndroidManifest.xml:338:9-347:19
	android:enabled
		ADDED from src\main\AndroidManifest.xml:340:13-35
	android:exported
		ADDED from src\main\AndroidManifest.xml:341:13-36
	android:name
		ADDED from src\main\AndroidManifest.xml:339:13-66
intent-filter#cn.jpush.android.intent.DaemonService+com.svgouwu.client
ADDED from src\main\AndroidManifest.xml:342:13-345:29
action#cn.jpush.android.intent.DaemonService
ADDED from src\main\AndroidManifest.xml:343:17-80
	android:name
		ADDED from src\main\AndroidManifest.xml:343:25-77
receiver#cn.jpush.android.service.PushReceiver
ADDED from src\main\AndroidManifest.xml:349:9-367:20
	android:enabled
		ADDED from src\main\AndroidManifest.xml:351:13-35
	android:exported
		ADDED from src\main\AndroidManifest.xml:352:13-37
	android:name
		ADDED from src\main\AndroidManifest.xml:350:13-65
intent-filter#cn.jpush.android.intent.NOTIFICATION_RECEIVED_PROXY+com.svgouwu.client
ADDED from src\main\AndroidManifest.xml:353:13-356:29
	android:priority
		ADDED from src\main\AndroidManifest.xml:353:28-51
action#cn.jpush.android.intent.NOTIFICATION_RECEIVED_PROXY
ADDED from src\main\AndroidManifest.xml:354:17-94
	android:name
		ADDED from src\main\AndroidManifest.xml:354:25-91
intent-filter#android.intent.action.USER_PRESENT+android.net.conn.CONNECTIVITY_CHANGE
ADDED from src\main\AndroidManifest.xml:357:13-360:29
action#android.intent.action.USER_PRESENT
ADDED from src\main\AndroidManifest.xml:358:17-77
	android:name
		ADDED from src\main\AndroidManifest.xml:358:25-74
action#android.net.conn.CONNECTIVITY_CHANGE
ADDED from src\main\AndroidManifest.xml:359:17-79
	android:name
		ADDED from src\main\AndroidManifest.xml:359:25-76
intent-filter#android.intent.action.PACKAGE_ADDED+android.intent.action.PACKAGE_REMOVED
ADDED from src\main\AndroidManifest.xml:361:13-366:29
action#android.intent.action.PACKAGE_ADDED
ADDED from src\main\AndroidManifest.xml:362:17-78
	android:name
		ADDED from src\main\AndroidManifest.xml:362:25-75
action#android.intent.action.PACKAGE_REMOVED
ADDED from src\main\AndroidManifest.xml:363:17-80
	android:name
		ADDED from src\main\AndroidManifest.xml:363:25-77
receiver#cn.jpush.android.service.AlarmReceiver
ADDED from src\main\AndroidManifest.xml:369:9-371:40
	android:exported
		ADDED from src\main\AndroidManifest.xml:371:13-37
	android:name
		ADDED from src\main\AndroidManifest.xml:370:13-66
receiver#com.svgouwu.client.jpush.MyReceiver
ADDED from src\main\AndroidManifest.xml:373:9-402:20
	android:enabled
		ADDED from src\main\AndroidManifest.xml:375:13-35
	android:exported
		ADDED from src\main\AndroidManifest.xml:376:13-37
	android:name
		ADDED from src\main\AndroidManifest.xml:374:13-63